  Pointdistan.cpp
D:\programming\data structure 4th semester\assignment 1 again updated\assignment 1 again updated\Pointdistan.cpp(28,27): warning C4244: '=': conversion from 'double' to 'float', possible loss of data
D:\programming\data structure 4th semester\assignment 1 again updated\assignment 1 again updated\Pointdistan.cpp(29,27): warning C4244: '=': conversion from 'double' to 'float', possible loss of data
D:\programming\data structure 4th semester\assignment 1 again updated\assignment 1 again updated\Pointdistan.cpp(91,108): warning C4244: 'argument': conversion from 'float' to 'int', possible loss of data
D:\programming\data structure 4th semester\assignment 1 again updated\assignment 1 again updated\Pointdistan.cpp(91,93): warning C4244: 'argument': conversion from 'float' to 'int', possible loss of data
D:\programming\data structure 4th semester\assignment 1 again updated\assignment 1 again updated\Pointdistan.cpp(91,76): warning C4244: 'argument': conversion from 'float' to 'int', possible loss of data
D:\programming\data structure 4th semester\assignment 1 again updated\assignment 1 again updated\Pointdistan.cpp(91,60): warning C4244: 'argument': conversion from 'float' to 'int', possible loss of data
D:\programming\data structure 4th semester\assignment 1 again updated\assignment 1 again updated\Pointdistan.cpp(127,75): warning C4244: '+=': conversion from 'float' to 'int', possible loss of data
D:\programming\data structure 4th semester\assignment 1 again updated\assignment 1 again updated\Pointdistan.cpp(137,75): warning C4244: '+=': conversion from 'float' to 'int', possible loss of data
D:\programming\data structure 4th semester\assignment 1 again updated\assignment 1 again updated\Pointdistan.cpp(156,11): warning C4244: 'initializing': conversion from 'double' to 'int', possible loss of data
D:\programming\data structure 4th semester\assignment 1 again updated\assignment 1 again updated\Pointdistan.cpp(166,11): warning C4244: 'initializing': conversion from 'double' to 'int', possible loss of data
D:\programming\data structure 4th semester\assignment 1 again updated\assignment 1 again updated\Pointdistan.cpp(193,22): warning C4244: 'argument': conversion from 'double' to 'float', possible loss of data
D:\programming\data structure 4th semester\assignment 1 again updated\assignment 1 again updated\Pointdistan.cpp(194,22): warning C4244: 'argument': conversion from 'double' to 'float', possible loss of data
  pointdistance3d.cpp
D:\programming\data structure 4th semester\assignment 1 again updated\assignment 1 again updated\pointdistance3d.cpp(40,21): warning C4244: 'argument': conversion from 'double' to 'float', possible loss of data
D:\programming\data structure 4th semester\assignment 1 again updated\assignment 1 again updated\pointdistance3d.cpp(41,21): warning C4244: 'argument': conversion from 'double' to 'float', possible loss of data
D:\programming\data structure 4th semester\assignment 1 again updated\assignment 1 again updated\pointdistance3d.cpp(42,21): warning C4244: 'argument': conversion from 'double' to 'float', possible loss of data
D:\programming\data structure 4th semester\assignment 1 again updated\assignment 1 again updated\pointdistance3d.cpp(54,11): warning C4244: 'initializing': conversion from 'double' to 'int', possible loss of data
D:\programming\data structure 4th semester\assignment 1 again updated\assignment 1 again updated\pointdistance3d.cpp(55,11): warning C4244: 'initializing': conversion from 'double' to 'int', possible loss of data
D:\programming\data structure 4th semester\assignment 1 again updated\assignment 1 again updated\pointdistance3d.cpp(56,11): warning C4244: 'initializing': conversion from 'double' to 'int', possible loss of data
D:\programming\data structure 4th semester\assignment 1 again updated\assignment 1 again updated\pointdistance3d.cpp(67,26): warning C4804: '>': unsafe use of type 'bool' in operation
D:\programming\data structure 4th semester\assignment 1 again updated\assignment 1 again updated\pointdistance3d.cpp(82,31): warning C4244: '=': conversion from 'double' to 'float', possible loss of data
D:\programming\data structure 4th semester\assignment 1 again updated\assignment 1 again updated\pointdistance3d.cpp(92,27): warning C4244: '=': conversion from 'double' to 'float', possible loss of data
D:\programming\data structure 4th semester\assignment 1 again updated\assignment 1 again updated\pointdistance3d.cpp(93,27): warning C4244: '=': conversion from 'double' to 'float', possible loss of data
D:\programming\data structure 4th semester\assignment 1 again updated\assignment 1 again updated\pointdistance3d.cpp(148,126): warning C4244: 'argument': conversion from 'float' to 'int', possible loss of data
D:\programming\data structure 4th semester\assignment 1 again updated\assignment 1 again updated\pointdistance3d.cpp(148,114): warning C4244: 'argument': conversion from 'float' to 'int', possible loss of data
D:\programming\data structure 4th semester\assignment 1 again updated\assignment 1 again updated\pointdistance3d.cpp(148,102): warning C4244: 'argument': conversion from 'float' to 'int', possible loss of data
D:\programming\data structure 4th semester\assignment 1 again updated\assignment 1 again updated\pointdistance3d.cpp(148,89): warning C4244: 'argument': conversion from 'float' to 'int', possible loss of data
D:\programming\data structure 4th semester\assignment 1 again updated\assignment 1 again updated\pointdistance3d.cpp(148,74): warning C4244: 'argument': conversion from 'float' to 'int', possible loss of data
D:\programming\data structure 4th semester\assignment 1 again updated\assignment 1 again updated\pointdistance3d.cpp(148,59): warning C4244: 'argument': conversion from 'float' to 'int', possible loss of data
D:\programming\data structure 4th semester\assignment 1 again updated\assignment 1 again updated\pointdistance3d.cpp(185,72): warning C4244: '+=': conversion from 'float' to 'int', possible loss of data
D:\programming\data structure 4th semester\assignment 1 again updated\assignment 1 again updated\pointdistance3d.cpp(186,72): warning C4244: '+=': conversion from 'float' to 'int', possible loss of data
D:\programming\data structure 4th semester\assignment 1 again updated\assignment 1 again updated\pointdistance3d.cpp(196,72): warning C4244: '+=': conversion from 'float' to 'int', possible loss of data
  Source.cpp
D:\programming\data structure 4th semester\assignment 1 again updated\assignment 1 again updated\Source.cpp(17,15): warning C4244: 'argument': conversion from 'time_t' to 'unsigned int', possible loss of data
  Generating Code...
  assignment 1 again updated.vcxproj -> D:\programming\data structure 4th semester\assignment 1 again updated\x64\Debug\assignment 1 again updated.exe
